0 info it worked if it ends with ok
1 verbose cli [ '/usr/bin/nodejs', '/usr/bin/npm', 'start' ]
2 info using npm@3.5.2
3 info using node@v4.7.2
4 verbose run-script [ 'prestart', 'start', 'poststart' ]
5 info lifecycle rest-api@~prestart: rest-api@
6 silly lifecycle rest-api@~prestart: no script for prestart, continuing
7 info lifecycle rest-api@~start: rest-api@
8 verbose lifecycle rest-api@~start: unsafe-perm in lifecycle true
9 verbose lifecycle rest-api@~start: PATH: /usr/share/npm/bin/node-gyp-bin:/home/atallah/Desktop/rbk3-technical-assessment/rest-api/node_modules/.bin:/usr/local/sbin:/usr/local/bin:/usr/sbin:/usr/bin:/sbin:/bin:/usr/games:/usr/local/games:/snap/bin
10 verbose lifecycle rest-api@~start: CWD: /home/atallah/Desktop/rbk3-technical-assessment/rest-api
11 silly lifecycle rest-api@~start: Args: [ '-c', 'node index.js' ]
12 silly lifecycle rest-api@~start: Returned: code: 1  signal: null
13 info lifecycle rest-api@~start: Failed to exec start script
14 verbose stack Error: rest-api@ start: `node index.js`
14 verbose stack Exit status 1
14 verbose stack     at EventEmitter.<anonymous> (/usr/share/npm/lib/utils/lifecycle.js:232:16)
14 verbose stack     at emitTwo (events.js:87:13)
14 verbose stack     at EventEmitter.emit (events.js:172:7)
14 verbose stack     at ChildProcess.<anonymous> (/usr/share/npm/lib/utils/spawn.js:24:14)
14 verbose stack     at emitTwo (events.js:87:13)
14 verbose stack     at ChildProcess.emit (events.js:172:7)
14 verbose stack     at maybeClose (internal/child_process.js:854:16)
14 verbose stack     at Process.ChildProcess._handle.onexit (internal/child_process.js:222:5)
15 verbose pkgid rest-api@
16 verbose cwd /home/atallah/Desktop/rbk3-technical-assessment/rest-api
17 error Linux 4.10.0-35-generic
18 error argv "/usr/bin/nodejs" "/usr/bin/npm" "start"
19 error node v4.7.2
20 error npm  v3.5.2
21 error code ELIFECYCLE
22 error rest-api@ start: `node index.js`
22 error Exit status 1
23 error Failed at the rest-api@ start script 'node index.js'.
23 error Make sure you have the latest version of node.js and npm installed.
23 error If you do, this is most likely a problem with the rest-api package,
23 error not with npm itself.
23 error Tell the author that this fails on your system:
23 error     node index.js
23 error You can get information on how to open an issue for this project with:
23 error     npm bugs rest-api
23 error Or if that isn't available, you can get their info via:
23 error     npm owner ls rest-api
23 error There is likely additional logging output above.
24 verbose exit [ 1, true ]
